<?xml version="1.0" encoding="UTF-8"?>
<!-- Generated by org.testng.reporters.JUnitReportReporter -->
<testsuite skipped="0" hostname="LAPTOP-R9SPVK9V" name="eBankingTestCases.TC_LoginTest_001" tests="1" failures="0" timestamp="2020-09-22T18:31:40 EDT" time="1.019" errors="0">
  <testcase name="credentiallogin" time="1.019" classname="eBankingTestCases.TC_LoginTest_001"/>
  <system-out/>
</testsuite> <!-- eBankingTestCases.TC_LoginTest_001 -->
